<?xml version="1.0" encoding="UTF-8"?>
<!-- Generated by org.testng.reporters.JUnitReportReporter -->
<testsuite skipped="0" hostname="DESKTOP-8AOQPAM" name="nselvi.AppiumTest" tests="2" failures="0" timestamp="11 Jul 2019 19:53:50 GMT" time="0.002" errors="0">
  <testcase name="IOSApps" time="0.001" classname="nselvi.AppiumTest"/>
  <testcase name="nativeAPpAndroid" time="0.001" classname="nselvi.AppiumTest"/>
</testsuite> <!-- nselvi.AppiumTest -->
