<?xml version="1.0" encoding="UTF-8"?>
<!-- Generated by org.testng.reporters.JUnitReportReporter -->
<testsuite skipped="0" hostname="DESKTOP-8AOQPAM" name="nselvi.SeleniumTest" tests="2" failures="0" timestamp="11 Jul 2019 19:53:50 GMT" time="0.003" errors="0">
  <testcase name="BrowserAutomation" time="0.001" classname="nselvi.SeleniumTest"/>
  <testcase name="elementsUi" time="0.002" classname="nselvi.SeleniumTest"/>
</testsuite> <!-- nselvi.SeleniumTest -->
