<?xml version="1.0" encoding="UTF-8"?>
<!-- Generated by org.testng.reporters.JUnitReportReporter -->
<testsuite skipped="0" hostname="DESKTOP-8AOQPAM" name="nselvi.RESTAPITest" tests="2" failures="0" timestamp="11 Jul 2019 19:53:50 GMT" time="0.017" errors="0">
  <testcase name="podtJira" time="0.000" classname="nselvi.RESTAPITest"/>
  <testcase name="deleteTwitter" time="0.017" classname="nselvi.RESTAPITest"/>
</testsuite> <!-- nselvi.RESTAPITest -->
